2025-08-09 21:10:53,565 [INFO] Start scraping from https://www.zameen.com/Homes/Rawalpindi_Bahria_Town_Rawalpindi_Bahria_Town_Phase_7-3047-1.html (pages=8)
2025-08-09 21:10:53,565 [INFO] Fetching listing page 1: https://www.zameen.com/Homes/Rawalpindi_Bahria_Town_Rawalpindi_Bahria_Town_Phase_7-3047-1.html
2025-08-09 21:10:55,111 [INFO] Found 27 potential detail links on page 1
2025-08-09 21:10:56,690 [INFO] Fetching listing page 2: https://www.zameen.com/Homes/Rawalpindi_Bahria_Town_Rawalpindi_Bahria_Town_Phase_7-3047-2.html
2025-08-09 21:10:57,954 [INFO] Found 27 potential detail links on page 2
2025-08-09 21:10:59,530 [INFO] Fetching listing page 3: https://www.zameen.com/Homes/Rawalpindi_Bahria_Town_Rawalpindi_Bahria_Town_Phase_7-3047-3.html
2025-08-09 21:11:00,971 [INFO] Found 27 potential detail links on page 3
2025-08-09 21:11:02,543 [INFO] Fetching listing page 4: https://www.zameen.com/Homes/Rawalpindi_Bahria_Town_Rawalpindi_Bahria_Town_Phase_7-3047-4.html
2025-08-09 21:11:03,737 [INFO] Found 27 potential detail links on page 4
2025-08-09 21:11:05,309 [INFO] Fetching listing page 5: https://www.zameen.com/Homes/Rawalpindi_Bahria_Town_Rawalpindi_Bahria_Town_Phase_7-3047-5.html
2025-08-09 21:11:06,433 [INFO] Found 27 potential detail links on page 5
2025-08-09 21:11:08,071 [INFO] Fetching listing page 6: https://www.zameen.com/Homes/Rawalpindi_Bahria_Town_Rawalpindi_Bahria_Town_Phase_7-3047-6.html
2025-08-09 21:11:09,172 [INFO] Found 25 potential detail links on page 6
2025-08-09 21:11:10,741 [INFO] Fetching listing page 7: https://www.zameen.com/Homes/Rawalpindi_Bahria_Town_Rawalpindi_Bahria_Town_Phase_7-3047-7.html
2025-08-09 21:11:11,934 [WARNING] GET https://www.zameen.com/Homes/Rawalpindi_Bahria_Town_Rawalpindi_Bahria_Town_Phase_7-3047-7.html -> 404
2025-08-09 21:11:13,622 [WARNING] GET https://www.zameen.com/Homes/Rawalpindi_Bahria_Town_Rawalpindi_Bahria_Town_Phase_7-3047-7.html -> 404
2025-08-09 21:11:16,385 [WARNING] GET https://www.zameen.com/Homes/Rawalpindi_Bahria_Town_Rawalpindi_Bahria_Town_Phase_7-3047-7.html -> 404
2025-08-09 21:11:19,387 [WARNING] Failed to fetch listing page: https://www.zameen.com/Homes/Rawalpindi_Bahria_Town_Rawalpindi_Bahria_Town_Phase_7-3047-7.html
2025-08-09 21:11:19,387 [INFO] Total unique detail links gathered: 160
2025-08-09 21:11:19,387 [INFO] [1/160] Fetching detail: https://www.zameen.com/Property/bahria_town_rawalpindi_bahria_town_phase_7_for_sale_2_bedroom_apartment_river_hills_2_bahria_7_rawalpindi-52536613-3047-1.html
2025-08-09 21:11:21,173 [INFO] [2/160] Fetching detail: https://www.zameen.com/Property/bahria_town_rawalpindi_bahria_town_phase_7_1_bed_room_apartment_new_building-52956890-3047-1.html
2025-08-09 21:11:22,981 [INFO] [3/160] Fetching detail: https://www.zameen.com/Property/bahria_town_rawalpindi_bahria_town_phase_7_centrally_located_on_excellent_location_house_available_in_bahria_town_phase_7_for_sale-52958857-3047-1.html
2025-08-09 21:11:24,904 [INFO] [4/160] Fetching detail: https://www.zameen.com/Property/bahria_town_rawalpindi_bahria_town_phase_7_10_marla_brand_new_hight_location_double_unit_house_for_sale_phase_7_bahria_town-52955132-3047-1.html
2025-08-09 21:11:26,678 [INFO] [5/160] Fetching detail: https://www.zameen.com/Property/bahria_town_rawalpindi_bahria_town_phase_7_most_beautiful_the_best_insha_allah_500_yds-52906800-3047-1.html
2025-08-09 21:11:28,563 [INFO] [6/160] Fetching detail: https://www.zameen.com/Property/bahria_town_rawalpindi_bahria_town_phase_7_ultra-luxurious_modern_spanish_home_for_sale_54_marla_with_27_marla_construction_27_marla_garden_featuring_2_gates-52926594-3047-1.html
2025-08-09 21:11:30,585 [INFO] [7/160] Fetching detail: https://www.zameen.com/Property/bahria_town_rawalpindi_bahria_town_phase_7_brand_new_10_marla_house_phase_7_hillview_6_beds-52894781-3047-1.html
2025-08-09 21:11:32,567 [INFO] [8/160] Fetching detail: https://www.zameen.com/Property/bahria_town_rawalpindi_bahria_town_phase_7_structure_in_kanal_phase_7_house_no_56-51274219-3047-1.html
2025-08-09 21:11:35,011 [INFO] [9/160] Fetching detail: https://www.zameen.com/Property/bahria_town_phase_7_bahria_mini_commercial_center_on_excellent_location_625_square_feet_flat_in_beautiful_location_of_bahria_mini_commercial_center_in_rawalpindi-52903975-9036-1.html
2025-08-09 21:11:37,113 [INFO] [10/160] Fetching detail: https://www.zameen.com/Property/bahria_town_rawalpindi_bahria_town_phase_7_28_marla_double_corner_house_available_for_sale_in_bahria_town_phase_7_rawalpindi-52844929-3047-1.html
2025-08-09 21:11:39,031 [INFO] [11/160] Fetching detail: https://www.zameen.com/Property/bahria_town_rawalpindi_bahria_town_phase_7_bahria_town_phase_7_10_marla_brand_new_designer_house-52092857-3047-1.html
2025-08-09 21:11:41,308 [INFO] [12/160] Fetching detail: https://www.zameen.com/Property/bahria_town_rawalpindi_bahria_town_phase_7_2_bed_fully_furnished_apartment_for_sale_bahria_town_phase_7_rawalpindi-52187340-3047-1.html
2025-08-09 21:11:43,474 [INFO] [13/160] Fetching detail: https://www.zameen.com/Property/bahria_town_phase_7_bahria_spring_north_elegant_perfect_location_2_bed_apartment_for_sale_in_spring_north_phase_7-52346465-8322-1.html
2025-08-09 21:11:45,286 [INFO] [14/160] Fetching detail: https://www.zameen.com/Property/bahria_town_rawalpindi_bahria_town_phase_7_10_marla_brand_new_house-49853280-3047-1.html
2025-08-09 21:11:47,407 [INFO] [15/160] Fetching detail: https://www.zameen.com/Property/bahria_town_rawalpindi_bahria_town_phase_7_10_marla_brand_new_house_for_sale-52182996-3047-1.html
2025-08-09 21:11:49,171 [INFO] [16/160] Fetching detail: https://www.zameen.com/Property/bahria_town_rawalpindi_bahria_town_phase_7_10_marla_designer_house_boulevard-52782149-3047-1.html
2025-08-09 21:11:51,035 [INFO] [17/160] Fetching detail: https://www.zameen.com/Property/bahria_town_rawalpindi_bahria_town_phase_7_1_bedroom_furnished_apartment_available_for_sale-52883435-3047-1.html
2025-08-09 21:11:52,801 [INFO] [18/160] Fetching detail: https://www.zameen.com/Property/bahria_town_phase_7_midway_commercial_flat_of_612_square_feet_in_midway_commercial_for_sale-52367038-9035-1.html
2025-08-09 21:11:54,605 [INFO] [19/160] Fetching detail: https://www.zameen.com/Property/bahria_town_rawalpindi_bahria_town_phase_7_for_sale_10_marla_brand_new_designer_beautiful_luxurious_double_story_house_in_bahria_town_phase_7_rawalpindi-52663974-3047-1.html
2025-08-09 21:11:56,484 [INFO] [20/160] Fetching detail: https://www.zameen.com/Property/bahria_town_rawalpindi_bahria_town_phase_7_two_bedroom_apartment_available_for_sale-52142460-3047-1.html
2025-08-09 21:11:58,453 [INFO] [21/160] Fetching detail: https://www.zameen.com/Property/bahria_town_rawalpindi_bahria_town_phase_7_2_bed_flat_fully_furnished_is_available_for_sale_in_bahria_town_phase_7_rawalpindi-51758693-3047-1.html
2025-08-09 21:12:00,551 [INFO] [22/160] Fetching detail: https://www.zameen.com/Property/bahria_town_rawalpindi_bahria_town_phase_7_2_bed_luxury_apartment_for_sale_bahria_town_phase_8-51759731-3047-1.html
2025-08-09 21:12:02,604 [INFO] [23/160] Fetching detail: https://www.zameen.com/Property/bahria_town_rawalpindi_bahria_town_phase_7_luxurious_one_kanal_house_for_sale_in_bahria_town_phase_7-8-52582454-3047-1.html
2025-08-09 21:12:04,757 [INFO] [24/160] Fetching detail: https://www.zameen.com/Property/bahria_town_rawalpindi_bahria_town_phase_7_brand_new_10_marla_house_available_for_sale-52600530-3047-1.html
2025-08-09 21:12:06,493 [INFO] [25/160] Fetching detail: https://www.zameen.com/Property/bahria_town_rawalpindi_bahria_town_phase_7_2_bedroom_apartment_available_for_sale-51097915-3047-1.html
2025-08-09 21:12:08,288 [INFO] [26/160] Fetching detail: https://www.zameen.com/Property/bahria_town_phase_7_river_view_commercial_2_bedroom_full_farnish_apartment_available_for_sale-52868966-9037-1.html
2025-08-09 21:12:10,125 [INFO] [27/160] Fetching detail: https://www.zameen.com/Property/bahria_town_rawalpindi_bahria_town_phase_7_luxury_10_marla_house_near_to_school_park-52208717-3047-1.html
2025-08-09 21:12:12,259 [INFO] [28/160] Fetching detail: https://www.zameen.com/Property/bahria_town_rawalpindi_bahria_town_phase_7_14_marla_corner_park_face_house_for_sale-51935585-3047-1.html
2025-08-09 21:12:14,211 [INFO] [29/160] Fetching detail: https://www.zameen.com/Property/bahria_town_phase_7_garden_villas_2_kanal_villa_for_sale-52508441-10264-1.html
2025-08-09 21:12:16,069 [INFO] [30/160] Fetching detail: https://www.zameen.com/Property/bahria_town_rawalpindi_bahria_town_phase_7_designer_house_with_basement_triple_unit-52147405-3047-1.html
2025-08-09 21:12:17,810 [INFO] [31/160] Fetching detail: https://www.zameen.com/Property/bahria_town_rawalpindi_bahria_town_phase_7_elegant_designer_house_brand_new-52066612-3047-1.html
2025-08-09 21:12:20,171 [INFO] [32/160] Fetching detail: https://www.zameen.com/Property/bahria_town_rawalpindi_bahria_town_phase_7_10_marla_brand_new_house-49853137-3047-1.html
2025-08-09 21:12:22,330 [INFO] [33/160] Fetching detail: https://www.zameen.com/Property/bahria_town_rawalpindi_bahria_town_phase_7_10_marla_brand_new_house_for_sale-49853215-3047-1.html
2025-08-09 21:12:24,438 [INFO] [34/160] Fetching detail: https://www.zameen.com/Property/bahria_town_rawalpindi_bahria_town_phase_7_10_marla_house_for_sale_main_road_phase_7-52574061-3047-1.html
2025-08-09 21:12:26,399 [INFO] [35/160] Fetching detail: https://www.zameen.com/Property/bahria_town_rawalpindi_bahria_town_phase_7_park_face_designer_house_for_sale_in_bahria_town_islamabad_with_huge_lawn-52746184-3047-1.html
2025-08-09 21:12:28,217 [INFO] [36/160] Fetching detail: https://www.zameen.com/Property/bahria_town_rawalpindi_bahria_town_phase_7_luxury_10_marla_house_near_to_school_park-52208723-3047-1.html
2025-08-09 21:12:30,176 [INFO] [37/160] Fetching detail: https://www.zameen.com/Property/bahria_town_rawalpindi_bahria_town_phase_7_double_storey_10_marla_house_available_in_bahria_town_phase_7_for_sale-52883778-3047-1.html
2025-08-09 21:12:32,089 [INFO] [38/160] Fetching detail: https://www.zameen.com/Property/bahria_town_rawalpindi_bahria_town_phase_7_double_storey_10_marla_house_available_in_bahria_town_phase_7_for_sale-52883780-3047-1.html
2025-08-09 21:12:33,982 [INFO] [39/160] Fetching detail: https://www.zameen.com/Property/bahria_town_rawalpindi_bahria_town_phase_7_double_storey_10_marla_house_for_sale_in_bahria_town_phase_7_rawalpindi-52883782-3047-1.html
2025-08-09 21:12:36,191 [INFO] [40/160] Fetching detail: https://www.zameen.com/Property/bahria_town_rawalpindi_bahria_town_phase_7_double_storey_12_marla_house_for_sale_in_bahria_town_phase_7_rawalpindi-52883777-3047-1.html
2025-08-09 21:12:38,059 [INFO] [41/160] Fetching detail: https://www.zameen.com/Property/bahria_town_rawalpindi_bahria_town_phase_7_13_marla_luxury_house_for_sale_the_cornerstone_by_aim_real_estate_construction-52614488-3047-1.html
2025-08-09 21:12:40,440 [INFO] [42/160] Fetching detail: https://www.zameen.com/Property/bahria_town_rawalpindi_bahria_town_phase_7_bahria_town_phase_7_rawalpindi_4_bed_penthouse_furnish_good_rental_income-52376136-3047-1.html
2025-08-09 21:12:42,136 [INFO] [43/160] Fetching detail: https://www.zameen.com/Property/bahria_town_rawalpindi_bahria_town_phase_7_house_for_sale_phase_7_bahria_town-52917136-3047-1.html
2025-08-09 21:12:43,992 [INFO] [44/160] Fetching detail: https://www.zameen.com/Property/bahria_town_rawalpindi_bahria_town_phase_7_beautiful_10_marla_double_storey_house_for_sale-52633057-3047-1.html
2025-08-09 21:12:45,952 [INFO] [45/160] Fetching detail: https://www.zameen.com/Property/bahria_town_phase_7_bahria_square_commercial_2_bedroom_apartment_investor_rate-52830646-14537-1.html
2025-08-09 21:12:47,905 [INFO] [46/160] Fetching detail: https://www.zameen.com/Property/bahria_town_rawalpindi_bahria_town_phase_7_used_10_marla_house_for_sale_bahria_phase_7-52921165-3047-1.html
2025-08-09 21:12:49,790 [INFO] [47/160] Fetching detail: https://www.zameen.com/Property/bahria_town_rawalpindi_bahria_town_phase_7_10_marla_double_storey_brand_new_designer_luxurious_house_for_sale_in_bahria_town_phase_7_rawalpindi-52664082-3047-1.html
2025-08-09 21:12:51,689 [INFO] [48/160] Fetching detail: https://www.zameen.com/Property/bahria_town_rawalpindi_bahria_town_phase_7_for_sale_10_marla_double_storey_brand_new_designer_luxurious_house_available_in_bahria_town_phase_7_rawalpindi-52665982-3047-1.html
2025-08-09 21:12:53,634 [INFO] [49/160] Fetching detail: https://www.zameen.com/Property/bahria_town_rawalpindi_bahria_town_phase_7_ph7_bahria_town_grey_structure_on_installments-52637526-3047-1.html
2025-08-09 21:12:55,442 [INFO] [50/160] Fetching detail: https://www.zameen.com/Property/bahria_town_rawalpindi_bahria_town_phase_7_30_down_payment_4_years_installments_bahria_town_ph-7_gated_45kanal-52876962-3047-1.html
2025-08-09 21:12:57,166 [INFO] [51/160] Fetching detail: https://www.zameen.com/Property/bahria_town_rawalpindi_bahria_town_phase_7_one_bed_apartment_is_available_for_sale_bahria_town_phase_7_rawalpindi-51835730-3047-1.html
2025-08-09 21:12:59,063 [INFO] [52/160] Fetching detail: https://www.zameen.com/Property/bahria_town_rawalpindi_bahria_town_phase_7_2_bed_apartment_is_available_for_sale_bahria_town_phase_8_rawalpindi-48605739-3047-1.html
2025-08-09 21:13:00,850 [INFO] [53/160] Fetching detail: https://www.zameen.com/Property/bahria_town_rawalpindi_bahria_town_phase_7_10_marla_house_is_available_for_sale_in_bahria_town_phase_7_rawalpindi-52641119-3047-1.html
2025-08-09 21:13:02,674 [INFO] [54/160] Fetching detail: https://www.zameen.com/Property/bahria_town_rawalpindi_bahria_town_phase_7_pay_30_4years_installments_bahria_town-52636890-3047-1.html
2025-08-09 21:13:04,492 [INFO] [55/160] Fetching detail: https://www.zameen.com/Property/bahria_town_rawalpindi_bahria_town_phase_7_1_bedroom_apartment_available_for_sale-52866321-3047-1.html
2025-08-09 21:13:06,300 [INFO] [56/160] Fetching detail: https://www.zameen.com/Property/bahria_town_phase_7_river_hills_4_2_bedrooms_luxury_apartment_river_hills_near_save_mart-52615910-16199-1.html
2025-08-09 21:13:08,100 [INFO] [57/160] Fetching detail: https://www.zameen.com/Property/bahria_town_phase_7_bahria_spring_north_for_sale_2_bedrooms_apartment_near_m_u_c_university-52840956-8322-1.html
2025-08-09 21:13:10,051 [INFO] [58/160] Fetching detail: https://www.zameen.com/Property/bahria_town_phase_7_bahria_spring_north_3_bedroom_luxury_furnished_apartment_sale_near_clock_tower-52896389-8322-1.html
2025-08-09 21:13:11,797 [INFO] [59/160] Fetching detail: https://www.zameen.com/Property/bahria_town_rawalpindi_bahria_town_phase_7_elegant_corner_house_1052_south_facing-50426664-3047-1.html
2025-08-09 21:13:13,714 [INFO] [60/160] Fetching detail: https://www.zameen.com/Property/bahria_town_phase_7_bahria_spring_north_bahria_town_24_marla_house_designer_house_perfectly_constructed-52780548-8322-1.html
2025-08-09 21:13:15,522 [INFO] [61/160] Fetching detail: https://www.zameen.com/Property/bahria_town_rawalpindi_bahria_town_phase_7_good_environment_flat_for_sale_fist_floor_car_parking_non_furnished_25_furnished_35_40_near_g_t_rod_demand_40-51736281-3047-1.html
2025-08-09 21:13:17,376 [INFO] [62/160] Fetching detail: https://www.zameen.com/Property/bahria_town_rawalpindi_bahria_town_phase_7_1_bed_fully_furnished_apartment_for_sale_in_river_hills_phase_7-52641687-3047-1.html
2025-08-09 21:13:19,298 [INFO] [63/160] Fetching detail: https://www.zameen.com/Property/bahria_town_rawalpindi_bahria_town_phase_7_bahria_town_phase_8_double_storey_house_with_5_bed_with_attached_baths_on_investor_rate-49223180-3047-1.html
2025-08-09 21:13:21,176 [INFO] [64/160] Fetching detail: https://www.zameen.com/Property/bahria_town_phase_7_bahria_spring_north_luxury_furnished_penthouse_2_bedrooms-52896429-8322-1.html
2025-08-09 21:13:23,502 [INFO] [65/160] Fetching detail: https://www.zameen.com/Property/bahria_town_rawalpindi_bahria_town_phase_7_accidental_commercial_two_bedrooms_apartment_for_sale_bahria_town_phase_7_rawalpindi-52879851-3047-1.html
2025-08-09 21:13:25,543 [INFO] [66/160] Fetching detail: https://www.zameen.com/Property/bahria_town_rawalpindi_bahria_town_phase_7_bahria_town_phase_7_brand_new_designers_house_house_for_sale_10_marla-52848483-3047-1.html
2025-08-09 21:13:27,303 [INFO] [67/160] Fetching detail: https://www.zameen.com/Property/bahria_town_phase_7_bahria_heights_5_residential_apartment_for_sale-52566436-17565-1.html
2025-08-09 21:13:29,121 [INFO] [68/160] Fetching detail: https://www.zameen.com/Property/bahria_town_rawalpindi_bahria_town_phase_7_shop_for_sale_in_bahria_town_main_expressway_front_of_coffee_planet-52888614-3047-1.html
2025-08-09 21:13:31,039 [INFO] [69/160] Fetching detail: https://www.zameen.com/Property/bahria_town_rawalpindi_bahria_town_phase_7_bahria_phase_7_single_unit_house_up_for_sale_near_by_gt_road-52963936-3047-1.html
2025-08-09 21:13:33,194 [INFO] [70/160] Fetching detail: https://www.zameen.com/Property/bahria_town_rawalpindi_bahria_town_phase_7_10_marla_house_for_sale_in_rs_40000000_only-52960605-3047-1.html
2025-08-09 21:13:35,108 [INFO] [71/160] Fetching detail: https://www.zameen.com/Property/bahria_town_rawalpindi_bahria_town_phase_7_highly-coveted_10_marla_house_is_available_in_bahria_town_phase_7_for_sale-52960604-3047-1.html
2025-08-09 21:13:37,025 [INFO] [72/160] Fetching detail: https://www.zameen.com/Property/bahria_town_rawalpindi_bahria_town_phase_7_aparment_no_301_3rd_floor_plaza_no_1_road_a-52828827-3047-1.html
2025-08-09 21:13:38,803 [INFO] [73/160] Fetching detail: https://www.zameen.com/Property/bahria_town_rawalpindi_bahria_town_phase_7_house_for_sale_in_bahria_town_phase_7_finishing_remains_tile_work_completed-52793671-3047-1.html
2025-08-09 21:13:40,770 [INFO] [74/160] Fetching detail: https://www.zameen.com/Property/bahria_town_rawalpindi_bahria_town_phase_7_croner_brand_new_fully_furnished_designer_house_sale-50401176-3047-1.html
2025-08-09 21:13:42,895 [INFO] [75/160] Fetching detail: https://www.zameen.com/Property/bahria_town_phase_7_bahria_spring_north_one_bed_apartment_is_available_for_sale_bahria_town_phase_7_rawalpindi-48512876-8322-1.html
2025-08-09 21:13:45,108 [INFO] [76/160] Fetching detail: https://www.zameen.com/Property/bahria_town_rawalpindi_bahria_town_phase_7_1_bedroom_apartment_available_for_sale_on_1st_floor_mezzanine_floor-49808218-3047-1.html
2025-08-09 21:13:46,937 [INFO] [77/160] Fetching detail: https://www.zameen.com/Property/bahria_town_rawalpindi_bahria_town_phase_7_10_marla_designer_house_phase_7_bahria_town-51940615-3047-1.html
2025-08-09 21:13:48,825 [INFO] [78/160] Fetching detail: https://www.zameen.com/Property/bahria_town_rawalpindi_bahria_town_phase_7_10_marla_designer_house_phase_7_bahria_town-52009869-3047-1.html
2025-08-09 21:13:50,736 [INFO] [79/160] Fetching detail: https://www.zameen.com/Property/bahria_town_rawalpindi_bahria_town_phase_7_10_marla_designer_house_phase_7_bahria_town-51940593-3047-1.html
2025-08-09 21:13:52,455 [INFO] [80/160] Fetching detail: https://www.zameen.com/Property/bahria_town_rawalpindi_bahria_town_phase_7_10_marla_house_for_sale_bahria_town_phase_7-51940538-3047-1.html
2025-08-09 21:13:54,425 [INFO] [81/160] Fetching detail: https://www.zameen.com/Property/bahria_town_rawalpindi_bahria_town_phase_7_2_bed_apartment_for_sale_phase_8_bahria_town-51950973-3047-1.html
2025-08-09 21:13:56,248 [INFO] [82/160] Fetching detail: https://www.zameen.com/Property/bahria_town_rawalpindi_bahria_town_phase_7_2_kanal_corner_villa_for_sale_in_bahria_twon_islamabad_phase_7-52752246-3047-1.html
2025-08-09 21:13:58,651 [INFO] [83/160] Fetching detail: https://www.zameen.com/Property/bahria_town_rawalpindi_bahria_town_phase_7_a_prime_location_10_marla_house_in_rawalpindi_is_on_the_market_for_sale-52579363-3047-1.html
2025-08-09 21:14:00,667 [INFO] [84/160] Fetching detail: https://www.zameen.com/Property/bahria_town_rawalpindi_bahria_town_phase_7_reserve_a_centrally_located_on_excellent_location_house_of_10_marla_in_bahria_town_phase_7-52612924-3047-1.html
2025-08-09 21:14:02,525 [INFO] [85/160] Fetching detail: https://www.zameen.com/Property/bahria_town_rawalpindi_bahria_town_phase_7_reserve_a_centrally_located_on_excellent_location_house_of_10_marla_in_bahria_town_phase_7-52643733-3047-1.html
2025-08-09 21:14:04,392 [INFO] [86/160] Fetching detail: https://www.zameen.com/Property/bahria_town_rawalpindi_bahria_town_phase_7_reserve_a_centrally_located_on_excellent_location_house_of_10_marla_in_bahria_town_phase_7-52643829-3047-1.html
2025-08-09 21:14:06,072 [INFO] [87/160] Fetching detail: https://www.zameen.com/Property/bahria_town_rawalpindi_bahria_town_phase_7_pent_house_for_sale_bahria_town_phase_7-52042157-3047-1.html
2025-08-09 21:14:07,996 [INFO] [88/160] Fetching detail: https://www.zameen.com/Property/bahria_town_phase_7_bahria_spring_north_1_bed_apartment_for_sale_in_spring_north_bahria_town_rawalpindi-52309724-8322-1.html
2025-08-09 21:14:10,192 [INFO] [89/160] Fetching detail: https://www.zameen.com/Property/bahria_town_rawalpindi_bahria_town_phase_7_2_bed_apartment_for_sale_phase_7_bahria_town-52042044-3047-1.html
2025-08-09 21:14:12,109 [INFO] [90/160] Fetching detail: https://www.zameen.com/Property/bahria_town_rawalpindi_bahria_town_phase_7_1_bed_apartment_for_sale_phase_7_bahriatown-52193286-3047-1.html
2025-08-09 21:14:13,957 [INFO] [91/160] Fetching detail: https://www.zameen.com/Property/bahria_town_rawalpindi_bahria_town_phase_7_a_prime_location_10_marla_house_in_rawalpindi_is_on_the_market_for_sale-52643729-3047-1.html
2025-08-09 21:14:15,781 [INFO] [92/160] Fetching detail: https://www.zameen.com/Property/bahria_town_rawalpindi_bahria_town_phase_7_a_prime_location_10_marla_house_in_rawalpindi_is_on_the_market_for_sale-52643823-3047-1.html
2025-08-09 21:14:17,664 [INFO] [93/160] Fetching detail: https://www.zameen.com/Property/bahria_town_phase_7_bahria_spring_north_1_bed_fully_furnished_apartment_for_sale_in_spring_north_bahria_town_rawalpindi-52950075-8322-1.html
2025-08-09 21:14:19,709 [INFO] [94/160] Fetching detail: https://www.zameen.com/Property/bahria_town_phase_7_bahria_spring_north_buying_a_flat_in_bahria_spring_north-52937897-8322-1.html
2025-08-09 21:14:21,765 [INFO] [95/160] Fetching detail: https://www.zameen.com/Property/bahria_town_rawalpindi_bahria_town_phase_7_30_advance_rest_4years_installments_plan_bahria_town-50219103-3047-1.html
2025-08-09 21:14:23,696 [INFO] [96/160] Fetching detail: https://www.zameen.com/Property/bahria_town_rawalpindi_bahria_town_phase_7_flat_pay_30_rest_in_4_years_installments_bahria_town-52636537-3047-1.html
2025-08-09 21:14:25,418 [INFO] [97/160] Fetching detail: https://www.zameen.com/Property/bahria_town_rawalpindi_bahria_town_phase_7_bahria_town_islamabad_10_marla_designer_house_perfectly_constructed_outclass_location_near_to_masjid_park_school_and_commercial_area_on_investor_rate-32038593-3047-1.html
2025-08-09 21:14:27,161 [INFO] [98/160] Fetching detail: https://www.zameen.com/Property/bahria_town_rawalpindi_bahria_town_phase_7_1_bed_new_apartment_instalment_plan_next_to_dha_phase_3_islamabad-47899250-3047-1.html
2025-08-09 21:14:29,186 [INFO] [99/160] Fetching detail: https://www.zameen.com/Property/bahria_town_rawalpindi_bahria_town_phase_7_20_marla_designer_grey_structure_available_for_sale-52921201-3047-1.html
2025-08-09 21:14:31,099 [INFO] [100/160] Fetching detail: https://www.zameen.com/Property/bahria_town_rawalpindi_bahria_town_phase_7_2_bed_apartment_is_available_for_sale_bahria_town_phase_7_rawalpindi-48431817-3047-1.html
2025-08-09 21:14:32,912 [INFO] [101/160] Fetching detail: https://www.zameen.com/Property/bahria_town_rawalpindi_bahria_town_phase_7_3_bed_luxury_apartment_is_available_for_sale-48433277-3047-1.html
2025-08-09 21:14:36,853 [INFO] [102/160] Fetching detail: https://www.zameen.com/Property/bahria_town_rawalpindi_bahria_town_phase_7_luxury_apartment_1_bed_for_sale_easy_installments_buraq_heights_bahria_phase_7-48926923-3047-1.html
2025-08-09 21:14:38,612 [INFO] [103/160] Fetching detail: https://www.zameen.com/Property/bahria_town_phase_7_midway_commercial_a_flat_of_350_square_feet_in_midway_commercial-45721286-9035-1.html
2025-08-09 21:14:40,463 [INFO] [104/160] Fetching detail: https://www.zameen.com/Property/bahria_town_phase_7_midway_commercial_your_search_for_flat_in_rawalpindi_ends_here-45721284-9035-1.html
2025-08-09 21:14:42,427 [INFO] [105/160] Fetching detail: https://www.zameen.com/Property/bahria_town_rawalpindi_bahria_town_phase_7_a_10_marla_beautiful_house_available_in_bahria_town_phase_7-52653975-3047-1.html
2025-08-09 21:14:44,318 [INFO] [106/160] Fetching detail: https://www.zameen.com/Property/bahria_town_rawalpindi_bahria_town_phase_7_a_beautiful_10_marla_brand_new_house_available-52771165-3047-1.html
2025-08-09 21:14:46,089 [INFO] [107/160] Fetching detail: https://www.zameen.com/Property/bahria_town_phase_7_bahria_spring_north_buraq_heights_installment_plan_flat-52319620-8322-1.html
2025-08-09 21:14:47,966 [INFO] [108/160] Fetching detail: https://www.zameen.com/Property/bahria_town_phase_7_bahria_mini_commercial_center_bahria_phase_7_mini_commercial_studio_apartment_for_sale_18_lac-51752688-9036-1.html
2025-08-09 21:14:49,841 [INFO] [109/160] Fetching detail: https://www.zameen.com/Property/bahria_town_rawalpindi_bahria_town_phase_7_prime_14_marla_designer_corner_house_in_ideal_location-51652610-3047-1.html
2025-08-09 21:14:51,827 [INFO] [110/160] Fetching detail: https://www.zameen.com/Property/bahria_town_rawalpindi_bahria_town_phase_7_asia_builders_offer_grand_2_8_kanal_luxury_brand_new_bungalow_with_following_features-48742646-3047-1.html
2025-08-09 21:14:53,703 [INFO] [111/160] Fetching detail: https://www.zameen.com/Property/bahria_town_rawalpindi_bahria_town_phase_7_bahria_town_phase_7_-_41_marla_corner_boulevard_park_facing_house-48742019-3047-1.html
2025-08-09 21:14:55,968 [INFO] [112/160] Fetching detail: https://www.zameen.com/Property/bahria_town_rawalpindi_bahria_town_phase_7_bahria_town_phase_7_1_5_kanal_designer_house_perfectly_constructed_outstanding_location_near_to_masjid_park_school_and_commercial_area-48120805-3047-1.html
2025-08-09 21:14:58,089 [INFO] [113/160] Fetching detail: https://www.zameen.com/Property/bahria_town_phase_7_bahria_spring_north_spacious_900_square_feet_flat_available_for_sale_in_bahria_spring_north-52613930-8322-1.html
2025-08-09 21:15:00,272 [INFO] [114/160] Fetching detail: https://www.zameen.com/Property/bahria_town_rawalpindi_bahria_town_phase_7_2_bed_fully_furnished_corner_apartment_heatproof_for_sale_in_bahria_heights_7-52722382-3047-1.html
2025-08-09 21:15:02,172 [INFO] [115/160] Fetching detail: https://www.zameen.com/Property/bahria_town_rawalpindi_bahria_town_phase_7_2_bed_apartment_in_bahria_spring_north_bahria_phase_7-50806269-3047-1.html
2025-08-09 21:15:04,029 [INFO] [116/160] Fetching detail: https://www.zameen.com/Property/bahria_town_rawalpindi_bahria_town_phase_7_prime_14_marla_corner_double-unit_house_semi-completed-52399216-3047-1.html
2025-08-09 21:15:06,780 [INFO] [117/160] Fetching detail: https://www.zameen.com/Property/bahria_town_phase_7_bahria_spring_north_a_beautiful_2_bedroom_apartment_available_in_bahria_town_phase_7_spring_north_commercial-52685912-8322-1.html
2025-08-09 21:15:08,576 [INFO] [118/160] Fetching detail: https://www.zameen.com/Property/bahria_town_rawalpindi_bahria_town_phase_7_a_10_marla_single_unit_used_house_available_in_bahria_town_phase_7-52773665-3047-1.html
2025-08-09 21:15:10,332 [INFO] [119/160] Fetching detail: https://www.zameen.com/Property/bahria_town_rawalpindi_bahria_town_phase_7_ideal_on_excellent_location_house_is_available_for_sale_in_rawalpin-49409898-3047-1.html
2025-08-09 21:15:12,597 [INFO] [120/160] Fetching detail: https://www.zameen.com/Property/bahria_town_rawalpindi_bahria_town_phase_7_bahria_town_phase_22_marla_designer_house_4_beds_with_attached_baths_outstanding_location_on_investor_rate-47796965-3047-1.html
2025-08-09 21:15:14,768 [INFO] [121/160] Fetching detail: https://www.zameen.com/Property/bahria_town_phase_7_bahria_square_commercial_for_sale_luxury_2_bed_apartment_900_sq_ft_acantilado_square_commercial_ph_7_bahria_town-40318098-14537-1.html
2025-08-09 21:15:16,600 [INFO] [122/160] Fetching detail: https://www.zameen.com/Property/bahria_town_rawalpindi_bahria_town_phase_7_bahria_town_phase_7_one_bed_room_apartment_available_for_sale-52841105-3047-1.html
2025-08-09 21:15:21,945 [INFO] [123/160] Fetching detail: https://www.zameen.com/Property/bahria_town_phase_7_bahria_spring_north_flat_of_416_square_feet_in_bahria_spring_north_is_available-52185025-8322-1.html
2025-08-09 21:15:23,920 [INFO] [124/160] Fetching detail: https://www.zameen.com/Property/bahria_town_rawalpindi_bahria_town_phase_7_luxury_villa_for_sale_bahria_town_phase_7-52886007-3047-1.html
2025-08-09 21:15:25,959 [INFO] [125/160] Fetching detail: https://www.zameen.com/Property/bahria_town_rawalpindi_bahria_town_phase_7_27_marla_brand_new_luxury_designer_double_unit_house_available_for_sale_in_bahria_town_phase_7-46768596-3047-1.html
2025-08-09 21:15:27,887 [INFO] [126/160] Fetching detail: https://www.zameen.com/Property/bahria_town_rawalpindi_bahria_town_phase_7_2_bed_lavish_luxury_river_loft_apartment_for_sale_in_bahria_intellectual_village-51740053-3047-1.html
2025-08-09 21:15:29,750 [INFO] [127/160] Fetching detail: https://www.zameen.com/Property/bahria_town_rawalpindi_bahria_town_phase_7_10_marla_triple_story_brand_new_designer_hosue_for_sale-52823080-3047-1.html
2025-08-09 21:15:31,787 [INFO] [128/160] Fetching detail: https://www.zameen.com/Property/bahria_town_phase_7_bahria_spring_north_one_bed_sami_furnished_apartment-52544429-8322-1.html
2025-08-09 21:15:33,828 [INFO] [129/160] Fetching detail: https://www.zameen.com/Property/bahria_town_rawalpindi_bahria_town_phase_7_1_kanal_corner_house_bahria_town_phase_7_lush_condition-52040502-3047-1.html
2025-08-09 21:15:35,713 [INFO] [130/160] Fetching detail: https://www.zameen.com/Property/bahria_town_rawalpindi_bahria_town_phase_7_boulevard_plus_lawn_13_5_marla_brand_new_house_for_sale_bahria_town_phase_7_rawalpindi-51738525-3047-1.html
2025-08-09 21:15:37,622 [INFO] [131/160] Fetching detail: https://www.zameen.com/Property/bahria_town_rawalpindi_bahria_town_phase_7_bahria_town_phase_7_kanal_house_on_investor_rate-46962783-3047-1.html
2025-08-09 21:15:39,565 [INFO] [132/160] Fetching detail: https://www.zameen.com/Property/bahria_town_rawalpindi_bahria_town_phase_7_brand_new_house_for_sale_bharia_town_phase_7-52723618-3047-1.html
2025-08-09 21:15:41,303 [INFO] [133/160] Fetching detail: https://www.zameen.com/Property/bahria_town_rawalpindi_bahria_town_phase_7_27_marla_cornerused_old_house_for_sale_bahria_phase_7-52819165-3047-1.html
2025-08-09 21:15:43,328 [INFO] [134/160] Fetching detail: https://www.zameen.com/Property/bahria_town_rawalpindi_bahria_town_phase_7_2_bed_luxury_apartment_for_sale_located_at_river_hills_1-52610732-3047-1.html
2025-08-09 21:15:45,953 [INFO] [135/160] Fetching detail: https://www.zameen.com/Property/bahria_town_rawalpindi_bahria_town_phase_7_one_bedroom_apartment_for_sale_in_spring_north_bahria_town_phase_7-52763393-3047-1.html
2025-08-09 21:15:48,018 [INFO] [136/160] Fetching detail: https://www.zameen.com/Property/bahria_town_rawalpindi_bahria_town_phase_7_54_marla_luxury_brand_new_house_bahria_town_rawalpindi-52834268-3047-1.html
2025-08-09 21:15:49,885 [INFO] [137/160] Fetching detail: https://www.zameen.com/Property/bahria_town_rawalpindi_bahria_town_phase_7_on_excellent_location_a_centrally_located_house_is_available_for_sale_in_rawalpindi-52558210-3047-1.html
2025-08-09 21:15:51,614 [INFO] [138/160] Fetching detail: https://www.zameen.com/Property/bahria_town_rawalpindi_bahria_town_phase_7_house_for_sale_in_bahria_town_phase_7_rawalpindi-52504344-3047-1.html
2025-08-09 21:15:53,430 [INFO] [139/160] Fetching detail: https://www.zameen.com/Property/bahria_town_phase_7_river_hills_4_2_bedroom_apartment_for_sale_non_furnish-52508410-16199-1.html
2025-08-09 21:15:55,324 [INFO] [140/160] Fetching detail: https://www.zameen.com/Property/bahria_town_rawalpindi_bahria_town_phase_7_2_kanal_house_for_sale_in_garden_city_zone_1_bahria_phase_7-50044970-3047-1.html
2025-08-09 21:15:57,198 [INFO] [141/160] Fetching detail: https://www.zameen.com/Property/bahria_town_rawalpindi_bahria_town_phase_7_bahira_town_phase_7_lake_vista_height_1_bedroom_attached_washroom_513_square_feet_4th_floor_apartment_available-52479979-3047-1.html
2025-08-09 21:15:58,976 [INFO] [142/160] Fetching detail: https://www.zameen.com/Property/bahria_town_rawalpindi_bahria_town_phase_7_10_marla_ultra_modern_house_sale_in_bahria_town_phase_7-51928319-3047-1.html
2025-08-09 21:16:00,938 [INFO] [143/160] Fetching detail: https://www.zameen.com/Property/bahria_town_rawalpindi_bahria_town_phase_7_bahria_town_phase_7_10_marla_brand_new_designer_house-52084831-3047-1.html
2025-08-09 21:16:13,916 [INFO] [144/160] Fetching detail: https://www.zameen.com/Property/bahria_town_phase_7_bahria_spring_north_2_bed_corner_apartment_for_sale_spring_north_bahria_town_phase_7_investor_price_rental_income_30k-52540867-8322-1.html
2025-08-09 21:16:15,849 [INFO] [145/160] Fetching detail: https://www.zameen.com/Property/bahria_town_rawalpindi_bahria_town_phase_7_roof_top_garden_10_marla_new_modern_designer_house_for_sale_bahria_town_phase_7_islamabad-52010571-3047-1.html
2025-08-09 21:16:17,899 [INFO] [146/160] Fetching detail: https://www.zameen.com/Property/bahria_town_rawalpindi_bahria_town_phase_7_corner_plus_four_side_open_10_marla_brand_new_house_for_sale_bahria_town_phase_7_islamabad-51937505-3047-1.html
2025-08-09 21:16:19,766 [INFO] [147/160] Fetching detail: https://www.zameen.com/Property/bahria_town_rawalpindi_bahria_town_phase_7_10_marla_double_unit_designer_house_with_basement-48650042-3047-1.html
2025-08-09 21:16:21,548 [INFO] [148/160] Fetching detail: https://www.zameen.com/Property/bahria_town_rawalpindi_bahria_town_phase_7_kanal_modern_designer_house_available_for_sale-52450542-3047-1.html
2025-08-09 21:16:23,414 [INFO] [149/160] Fetching detail: https://www.zameen.com/Property/bahria_town_rawalpindi_bahria_town_phase_7_1_bed_apartment_is_available_for_sale_in_bahria_town_phase_8_rawalpindi-52187280-3047-1.html
2025-08-09 21:16:27,951 [INFO] [150/160] Fetching detail: https://www.zameen.com/Property/bahria_town_rawalpindi_bahria_town_phase_7_10_marla_5_bed_double_unit_designer_house-45277014-3047-1.html
2025-08-09 21:16:30,402 [INFO] [151/160] Fetching detail: https://www.zameen.com/Property/bahria_town_rawalpindi_bahria_town_phase_7_main_double_road_house_for_sale_in_rs_53000000-52558209-3047-1.html
2025-08-09 21:16:32,420 [INFO] [152/160] Fetching detail: https://www.zameen.com/Property/bahria_town_rawalpindi_bahria_town_phase_7_one_bedroom_apartment_for_sale-52756904-3047-1.html
2025-08-09 21:16:34,374 [INFO] [153/160] Fetching detail: https://www.zameen.com/Property/bahria_town_rawalpindi_bahria_town_phase_7_3_bed_duplex_penthouse_with_lawn_in_river_loft_bahria_intellectual_village-52604874-3047-1.html
2025-08-09 21:16:36,269 [INFO] [154/160] Fetching detail: https://www.zameen.com/Property/bahria_town_rawalpindi_bahria_town_phase_7_furnished_apartment_for_sale_-_main_boulevard_midway_commercial-52102246-3047-1.html
2025-08-09 21:16:38,465 [INFO] [155/160] Fetching detail: https://www.zameen.com/Property/bahria_town_rawalpindi_bahria_town_phase_7_10_marla_brand_new_house_for_sale_at_beautiful_location-52825536-3047-1.html
2025-08-09 21:16:40,177 [INFO] [156/160] Fetching detail: https://www.zameen.com/Property/bahria_town_rawalpindi_bahria_town_phase_7_630_flat_for_sale_in_rawalpindi_bahria_town_phase_7-52893211-3047-1.html
2025-08-09 21:16:42,094 [INFO] [157/160] Fetching detail: https://www.zameen.com/Property/bahria_town_rawalpindi_bahria_town_phase_7_gt_road_apartment_crown_plaza-52772012-3047-1.html
2025-08-09 21:16:43,926 [INFO] [158/160] Fetching detail: https://www.zameen.com/Property/bahria_town_rawalpindi_bahria_town_phase_7_stunning_and_affordable_flat_available_for_sale_in_bahria_town_phase_7-52876960-3047-1.html
2025-08-09 21:16:45,806 [INFO] [159/160] Fetching detail: https://www.zameen.com/Property/bahria_town_rawalpindi_bahria_town_phase_7_1_bed_apartment_for_sale_in_spring_north_phase_7_opposite_shaheen_chowk-52646191-3047-1.html
2025-08-09 21:16:47,810 [INFO] [160/160] Fetching detail: https://www.zameen.com/Property/bahria_town_rawalpindi_bahria_town_phase_7_affordable_house_of_5_marla_is_available_for_sale-52844867-3047-1.html
2025-08-09 21:16:49,716 [INFO] Wrote raw JSON array: data\raw\zameen_phase7_raw.json (160 items)
2025-08-09 21:16:49,719 [INFO] Wrote template with max fields: data\raw\template_max_fields.json
2025-08-10 17:18:10,771 [INFO] Start scraping from https://www.zameen.com/Homes/Rawalpindi_Bahria_Town_Rawalpindi_Bahria_Town_Phase_7-3047-1.html (pages=8)
2025-08-10 17:18:10,800 [INFO] Fetching listing page 1: https://www.zameen.com/Homes/Rawalpindi_Bahria_Town_Rawalpindi_Bahria_Town_Phase_7-3047-1.html
2025-08-10 17:18:12,201 [INFO] Found 27 potential detail links on page 1
2025-08-10 17:18:13,780 [INFO] Fetching listing page 2: https://www.zameen.com/Homes/Rawalpindi_Bahria_Town_Rawalpindi_Bahria_Town_Phase_7-3047-2.html
2025-08-10 17:18:16,445 [INFO] Found 27 potential detail links on page 2
2025-08-10 17:18:18,020 [INFO] Fetching listing page 3: https://www.zameen.com/Homes/Rawalpindi_Bahria_Town_Rawalpindi_Bahria_Town_Phase_7-3047-3.html
2025-08-10 17:18:19,782 [INFO] Found 27 potential detail links on page 3
2025-08-10 17:18:21,355 [INFO] Fetching listing page 4: https://www.zameen.com/Homes/Rawalpindi_Bahria_Town_Rawalpindi_Bahria_Town_Phase_7-3047-4.html
2025-08-10 17:18:24,220 [INFO] Found 27 potential detail links on page 4
2025-08-10 17:18:25,791 [INFO] Fetching listing page 5: https://www.zameen.com/Homes/Rawalpindi_Bahria_Town_Rawalpindi_Bahria_Town_Phase_7-3047-5.html
2025-08-10 17:18:27,181 [INFO] Found 27 potential detail links on page 5
2025-08-10 17:18:28,752 [INFO] Fetching listing page 6: https://www.zameen.com/Homes/Rawalpindi_Bahria_Town_Rawalpindi_Bahria_Town_Phase_7-3047-6.html
2025-08-10 17:18:29,983 [INFO] Found 26 potential detail links on page 6
2025-08-10 17:18:31,553 [INFO] Fetching listing page 7: https://www.zameen.com/Homes/Rawalpindi_Bahria_Town_Rawalpindi_Bahria_Town_Phase_7-3047-7.html
2025-08-10 17:18:32,334 [WARNING] GET https://www.zameen.com/Homes/Rawalpindi_Bahria_Town_Rawalpindi_Bahria_Town_Phase_7-3047-7.html -> 404
2025-08-10 17:18:34,174 [WARNING] GET https://www.zameen.com/Homes/Rawalpindi_Bahria_Town_Rawalpindi_Bahria_Town_Phase_7-3047-7.html -> 404
2025-08-10 17:18:36,951 [WARNING] GET https://www.zameen.com/Homes/Rawalpindi_Bahria_Town_Rawalpindi_Bahria_Town_Phase_7-3047-7.html -> 404
2025-08-10 17:18:39,957 [WARNING] Failed to fetch listing page: https://www.zameen.com/Homes/Rawalpindi_Bahria_Town_Rawalpindi_Bahria_Town_Phase_7-3047-7.html
2025-08-10 17:18:39,958 [INFO] Total unique detail links gathered: 161
2025-08-10 17:18:39,958 [INFO] [1/161] Skipping already processed: https://www.zameen.com/Property/bahria_town_rawalpindi_bahria_town_phase_7_for_sale_2_bedroom_apartment_river_hills_2_bahria_7_rawalpindi-52536613-3047-1.html
2025-08-10 17:18:39,958 [INFO] [2/161] Skipping already processed: https://www.zameen.com/Property/bahria_town_rawalpindi_bahria_town_phase_7_1_bed_room_apartment_new_building-52956890-3047-1.html
2025-08-10 17:18:39,958 [INFO] [3/161] Skipping already processed: https://www.zameen.com/Property/bahria_town_rawalpindi_bahria_town_phase_7_10_marla_brand_new_hight_location_double_unit_house_for_sale_phase_7_bahria_town-52955132-3047-1.html
2025-08-10 17:18:39,958 [INFO] [4/161] Skipping already processed: https://www.zameen.com/Property/bahria_town_rawalpindi_bahria_town_phase_7_centrally_located_on_excellent_location_house_available_in_bahria_town_phase_7_for_sale-52958857-3047-1.html
2025-08-10 17:18:39,958 [INFO] [5/161] Skipping already processed: https://www.zameen.com/Property/bahria_town_rawalpindi_bahria_town_phase_7_most_beautiful_the_best_insha_allah_500_yds-52906800-3047-1.html
2025-08-10 17:18:39,958 [INFO] [6/161] Skipping already processed: https://www.zameen.com/Property/bahria_town_rawalpindi_bahria_town_phase_7_ultra-luxurious_modern_spanish_home_for_sale_54_marla_with_27_marla_construction_27_marla_garden_featuring_2_gates-52926594-3047-1.html
2025-08-10 17:18:39,958 [INFO] [7/161] Skipping already processed: https://www.zameen.com/Property/bahria_town_rawalpindi_bahria_town_phase_7_brand_new_10_marla_house_phase_7_hillview_6_beds-52894781-3047-1.html
2025-08-10 17:18:39,958 [INFO] [8/161] Skipping already processed: https://www.zameen.com/Property/bahria_town_rawalpindi_bahria_town_phase_7_structure_in_kanal_phase_7_house_no_56-51274219-3047-1.html
2025-08-10 17:18:39,958 [INFO] [9/161] Skipping already processed: https://www.zameen.com/Property/bahria_town_phase_7_bahria_mini_commercial_center_on_excellent_location_625_square_feet_flat_in_beautiful_location_of_bahria_mini_commercial_center_in_rawalpindi-52903975-9036-1.html
2025-08-10 17:18:39,958 [INFO] [10/161] Skipping already processed: https://www.zameen.com/Property/bahria_town_rawalpindi_bahria_town_phase_7_28_marla_double_corner_house_available_for_sale_in_bahria_town_phase_7_rawalpindi-52844929-3047-1.html
2025-08-10 17:18:39,958 [INFO] [11/161] Skipping already processed: https://www.zameen.com/Property/bahria_town_rawalpindi_bahria_town_phase_7_10_marla_brand_new_house-49853280-3047-1.html
2025-08-10 17:18:39,959 [INFO] [12/161] Skipping already processed: https://www.zameen.com/Property/bahria_town_rawalpindi_bahria_town_phase_7_luxury_10_marla_house_near_to_school_park-52208723-3047-1.html
2025-08-10 17:18:39,959 [INFO] [13/161] Skipping already processed: https://www.zameen.com/Property/bahria_town_rawalpindi_bahria_town_phase_7_bahria_town_phase_7_10_marla_brand_new_designer_house-52092857-3047-1.html
2025-08-10 17:18:39,959 [INFO] [14/161] Skipping already processed: https://www.zameen.com/Property/bahria_town_rawalpindi_bahria_town_phase_7_2_bed_fully_furnished_apartment_for_sale_bahria_town_phase_7_rawalpindi-52187340-3047-1.html
2025-08-10 17:18:39,959 [INFO] [15/161] Skipping already processed: https://www.zameen.com/Property/bahria_town_phase_7_bahria_spring_north_for_sale_2_bedrooms_apartment_near_m_u_c_university-52840956-8322-1.html
2025-08-10 17:18:39,959 [INFO] [16/161] Skipping already processed: https://www.zameen.com/Property/bahria_town_phase_7_bahria_spring_north_3_bedroom_luxury_furnished_apartment_sale_near_clock_tower-52896389-8322-1.html
2025-08-10 17:18:39,959 [INFO] [17/161] Skipping already processed: https://www.zameen.com/Property/bahria_town_rawalpindi_bahria_town_phase_7_1_bedroom_furnished_apartment_available_for_sale-52883435-3047-1.html
2025-08-10 17:18:39,959 [INFO] [18/161] Skipping already processed: https://www.zameen.com/Property/bahria_town_rawalpindi_bahria_town_phase_7_used_10_marla_house_for_sale_bahria_phase_7-52921165-3047-1.html
2025-08-10 17:18:39,959 [INFO] [19/161] Skipping already processed: https://www.zameen.com/Property/bahria_town_rawalpindi_bahria_town_phase_7_10_marla_brand_new_house_for_sale-52182996-3047-1.html
2025-08-10 17:18:39,960 [INFO] [20/161] Skipping already processed: https://www.zameen.com/Property/bahria_town_rawalpindi_bahria_town_phase_7_1_bedroom_apartment_available_for_sale_on_1st_floor_mezzanine_floor-49808218-3047-1.html
2025-08-10 17:18:39,960 [INFO] [21/161] Fetching detail: https://www.zameen.com/Property/bahria_town_rawalpindi_bahria_town_phase_7_accidental_commercial_two_bedrooms_apartment_for_sale_bahria_town_phase_7_rawalpindi-52968623-3047-1.html
